[2024-05-27 10:35:44] Fed Tarantula with meat. It's not their preferred food. Happiness and Satiety decreased.
[2024-05-27 10:44:27] Fed Tarantula with meat. It's not their preferred food. Happiness and Satiety decreased.
[2024-05-27 10:50:26] Fed Tarantula with meat. It's not their preferred food. Happiness and Satiety decreased.
[2024-05-27 10:54:00] Fed Tarantula with meat. It's not their preferred food. Happiness and Satiety decreased.
[2024-05-27 10:56:23] Fed Tarantula with meat. It's not their preferred food. Happiness and Satiety decreased.
[2024-05-27 10:57:02] Fed Python with fruit. It's not their preferred food. Happiness and Satiety decreased.
[2024-05-27 11:10:12] Fed Tarantula with insects. Happiness and Satiety increased.
[2024-05-27 11:10:50] Fed Tarantula with meat. It's not their preferred food. Happiness and Satiety decreased.
[2024-05-27 11:13:35] Fed Tarantula with . It's not their preferred food. Happiness and Satiety decreased.
[2024-05-27 11:13:52] Fed Tarantula with meat. It's not their preferred food. Happiness and Satiety decreased.
[2024-05-27 11:21:13] Please provide Tarantula's preferred food: insects
[2024-05-27 11:26:21] Please provide Tarantula's preferred food: insects
[2024-05-27 11:29:25] Please provide Tarantula's preferred food: insects
[2024-05-27 11:43:13] Fed Tarantula with insects. Happiness and Satiety increased.
[2024-05-27 11:43:37] Please provide Tarantula's preferred food: insects
[2024-05-27 11:47:47] Fed Tarantula with meat. It's not their preferred food. Happiness and Satiety decreased.
[2024-05-27 11:52:05] Fed Tarantula with meat. It's not their preferred food. Happiness and Satiety decreased.
[2024-05-27 11:55:58] Fed Tarantula with meat. It's not their preferred food. Happiness and Satiety decreased.
[2024-05-27 12:00:35] Fed Tarantula with meat. It's not their preferred food. Happiness and Satiety decreased.
[2024-05-27 12:03:20] Fed Tarantula with meat. It's not their preferred food. Happiness and Satiety decreased.
[2024-05-27 12:05:14] Fed Python with meat. Happiness and Satiety increased.
[2024-05-27 12:14:35] Fed Python with meat. Happiness and Satiety increased.
[2024-05-27 12:15:00] Fed Tarantula with meat. It's not their preferred food. Happiness and Satiety decreased.
[2024-05-27 12:20:05] Fed Tarantula with meat. It's not their preferred food. Happiness and Satiety decreased.
[2024-05-27 12:40:47] Fed Python with insects. It's not their preferred food. Happiness and Satiety decreased.
[2024-05-27 12:41:18] Petted Python for 3 seconds.
[2024-05-27 12:54:06] Petted Python for 5 seconds.
[2024-05-27 13:03:03] Fed Python with insects. It's not their preferred food. Happiness and Satiety decreased.
[2024-05-27 13:03:31] Petted Python for 1 minutes.
[2024-05-27 13:54:08] Made Tarantula work for 3 minutes.
[2024-05-27 14:38:49] Fed Tarantula with insects. Happiness and Satiety increased.
[2024-05-27 14:39:23] Petted Tarantula for 20 minutes.
[2024-05-27 14:40:07] Petted Tarantula for 10 minutes.
[2024-05-27 14:46:51] Fed Tarantula with insects. Happiness and Satiety increased.
[2024-05-27 14:47:20] Petted Tarantula for 15 minutes.
[2024-05-27 14:47:53] Petted Tarantula for 20 minutes.
[2024-05-27 14:51:14] Petted Tarantula for 20 minutes.
[2024-05-27 14:51:36] Petted Tarantula for 20 minutes.
